<?xml version="1.0" encoding="UTF-8"?>
<!-- Generated by org.testng.reporters.JUnitReportReporter -->
<testsuite skipped="0" hostname="LAPTOP-O49DF7TP" name="com.staff.DeleteBranch" tests="1" failures="0" timestamp="06 Feb 2018 14:57:32 GMT" time="11.559" errors="0">
  <testcase name="delBranch" time="11.559" classname="com.staff.DeleteBranch"/>
</testsuite> <!-- com.staff.DeleteBranch -->
