<?xml version="1.0" encoding="UTF-8"?>
<!-- Generated by org.testng.reporters.JUnitReportReporter -->
<testsuite skipped="0" hostname="LAPTOP-O49DF7TP" name="com.staff.UserLogout" tests="2" failures="0" timestamp="06 Feb 2018 10:35:13 GMT" time="4.599" errors="0">
  <testcase name="logout" time="0.337" classname="com.staff.UserLogout"/>
  <testcase name="login" time="4.262" classname="com.staff.UserLogout"/>
</testsuite> <!-- com.staff.UserLogout -->
