<?xml version="1.0" encoding="UTF-8"?>
<!-- Generated by org.testng.reporters.JUnitReportReporter -->
<testsuite skipped="0" hostname="LAPTOP-O49DF7TP" name="com.staff.SearchBranch" tests="1" failures="0" timestamp="06 Feb 2018 10:35:13 GMT" time="10.004" errors="0">
  <testcase name="searchBranch" time="10.004" classname="com.staff.SearchBranch"/>
</testsuite> <!-- com.staff.SearchBranch -->
