<?xml version="1.0" encoding="UTF-8"?>
<!-- Generated by org.testng.reporters.JUnitReportReporter -->
<testsuite skipped="0" hostname="LAPTOP-O49DF7TP" name="com.staff.AddNewBranch" tests="4" failures="0" timestamp="06 Feb 2018 10:35:13 GMT" time="16.398" errors="0">
  <testcase name="newBranch" time="1.684" classname="com.staff.AddNewBranch"/>
  <testcase name="newBranch2" time="4.966" classname="com.staff.AddNewBranch"/>
  <testcase name="newBranch3" time="4.883" classname="com.staff.AddNewBranch"/>
  <testcase name="newBranch4" time="4.865" classname="com.staff.AddNewBranch"/>
</testsuite> <!-- com.staff.AddNewBranch -->
