<?xml version="1.0" encoding="UTF-8"?>
<!-- Generated by org.testng.reporters.JUnitReportReporter -->
<testsuite skipped="0" hostname="LAPTOP-O49DF7TP" name="com.staff.AddNewStaff" tests="4" failures="0" timestamp="06 Feb 2018 14:57:32 GMT" time="35.236" errors="0">
  <testcase name="addStaff" time="8.763" classname="com.staff.AddNewStaff"/>
  <testcase name="addStaff1" time="8.979" classname="com.staff.AddNewStaff"/>
  <testcase name="addStaff2" time="8.796" classname="com.staff.AddNewStaff"/>
  <testcase name="addStaff3" time="8.698" classname="com.staff.AddNewStaff"/>
</testsuite> <!-- com.staff.AddNewStaff -->
