<?xml version="1.0" encoding="UTF-8"?>
<!-- Generated by org.testng.reporters.JUnitReportReporter -->
<testsuite skipped="0" hostname="LAPTOP-O49DF7TP" name="com.staff.AddNewStaff" tests="4" failures="0" timestamp="06 Feb 2018 10:35:13 GMT" time="37.897" errors="0">
  <testcase name="addStaff" time="9.583" classname="com.staff.AddNewStaff"/>
  <testcase name="addStaff1" time="9.351" classname="com.staff.AddNewStaff"/>
  <testcase name="addStaff2" time="9.684" classname="com.staff.AddNewStaff"/>
  <testcase name="addStaff3" time="9.279" classname="com.staff.AddNewStaff"/>
</testsuite> <!-- com.staff.AddNewStaff -->
