<?xml version="1.0" encoding="UTF-8"?>
<!-- Generated by org.testng.reporters.JUnitReportReporter -->
<testsuite skipped="0" hostname="LAPTOP-O49DF7TP" name="com.staff.branchInfo" tests="1" failures="0" timestamp="04 Feb 2018 17:15:57 GMT" time="5.513" errors="0">
  <testcase name="viewBranch" time="5.513" classname="com.staff.branchInfo"/>
</testsuite> <!-- com.staff.branchInfo -->
