<?xml version="1.0" encoding="UTF-8"?>
<!-- Generated by org.testng.reporters.JUnitReportReporter -->
<testsuite skipped="0" hostname="LAPTOP-O49DF7TP" name="com.staff.UserLogout" tests="2" failures="0" timestamp="06 Feb 2018 05:52:34 GMT" time="3.851" errors="0">
  <testcase name="logout" time="0.204" classname="com.staff.UserLogout"/>
  <testcase name="login" time="3.647" classname="com.staff.UserLogout"/>
</testsuite> <!-- com.staff.UserLogout -->
