<?xml version="1.0" encoding="UTF-8"?>
<!-- Generated by org.testng.reporters.JUnitReportReporter -->
<testsuite skipped="0" hostname="LAPTOP-O49DF7TP" name="com.staff.UserLogout" tests="3" failures="0" timestamp="06 Feb 2018 14:57:32 GMT" time="6.820" errors="0">
  <testcase name="login" time="3.725" classname="com.staff.UserLogout"/>
  <testcase name="settings" time="2.891" classname="com.staff.UserLogout"/>
  <testcase name="logout" time="0.204" classname="com.staff.UserLogout"/>
</testsuite> <!-- com.staff.UserLogout -->
