<?xml version="1.0" encoding="UTF-8"?>
<!-- Generated by org.testng.reporters.JUnitReportReporter -->
<testsuite skipped="0" hostname="LAPTOP-O49DF7TP" name="com.staff.AddNewBranch" tests="1" failures="0" timestamp="06 Feb 2018 05:44:04 GMT" time="0.770" errors="0">
  <testcase name="newBranch" time="0.770" classname="com.staff.AddNewBranch"/>
</testsuite> <!-- com.staff.AddNewBranch -->
