<?xml version="1.0" encoding="UTF-8"?>
<!-- Generated by org.testng.reporters.JUnitReportReporter -->
<testsuite skipped="0" hostname="LAPTOP-O49DF7TP" name="com.staff.EditStaff" tests="1" failures="0" timestamp="06 Feb 2018 14:57:32 GMT" time="8.977" errors="0">
  <testcase name="editStaff" time="8.977" classname="com.staff.EditStaff"/>
</testsuite> <!-- com.staff.EditStaff -->
