<?xml version="1.0" encoding="UTF-8"?>
<!-- Generated by org.testng.reporters.JUnitReportReporter -->
<testsuite skipped="0" hostname="LAPTOP-O49DF7TP" name="com.staff.AddNewBranch" tests="4" failures="0" timestamp="06 Feb 2018 14:57:32 GMT" time="32.245" errors="0">
  <testcase name="newBranch" time="5.395" classname="com.staff.AddNewBranch"/>
  <testcase name="newBranch2" time="9.022" classname="com.staff.AddNewBranch"/>
  <testcase name="newBranch3" time="8.963" classname="com.staff.AddNewBranch"/>
  <testcase name="newBranch4" time="8.865" classname="com.staff.AddNewBranch"/>
</testsuite> <!-- com.staff.AddNewBranch -->
