<?xml version="1.0" encoding="UTF-8"?>
<!-- Generated by org.testng.reporters.JUnitReportReporter -->
<testsuite skipped="0" hostname="LAPTOP-O49DF7TP" name="com.staff.UserLogin" tests="1" failures="0" timestamp="06 Feb 2018 10:35:13 GMT" time="3.901" errors="0">
  <testcase name="login" time="3.901" classname="com.staff.UserLogin"/>
</testsuite> <!-- com.staff.UserLogin -->
