<?xml version="1.0" encoding="UTF-8"?>
<!-- Generated by org.testng.reporters.JUnitReportReporter -->
<testsuite skipped="0" hostname="LAPTOP-O49DF7TP" name="com.staff.EditBranch" tests="2" failures="0" timestamp="06 Feb 2018 10:35:13 GMT" time="10.846" errors="0">
  <testcase name="editBranch" time="4.710" classname="com.staff.EditBranch"/>
  <testcase name="editBranchInv" time="6.136" classname="com.staff.EditBranch"/>
</testsuite> <!-- com.staff.EditBranch -->
