<?xml version="1.0" encoding="UTF-8"?>
<!-- Generated by org.testng.reporters.JUnitReportReporter -->
<testsuite skipped="0" hostname="LAPTOP-O49DF7TP" name="com.staff.ViewBranch" tests="1" failures="0" timestamp="06 Feb 2018 05:44:04 GMT" time="5.242" errors="0">
  <testcase name="viewBranch" time="5.242" classname="com.staff.ViewBranch"/>
</testsuite> <!-- com.staff.ViewBranch -->
