<?xml version="1.0" encoding="UTF-8"?>
<!-- Generated by org.testng.reporters.JUnitReportReporter -->
<testsuite skipped="0" hostname="LAPTOP-O49DF7TP" name="com.staff.CreateNewBranch" tests="1" failures="0" timestamp="05 Feb 2018 18:25:17 GMT" time="1.796" errors="0">
  <testcase name="newBranch" time="1.796" classname="com.staff.CreateNewBranch"/>
</testsuite> <!-- com.staff.CreateNewBranch -->
