<?xml version="1.0" encoding="UTF-8"?>
<!-- Generated by org.testng.reporters.JUnitReportReporter -->
<testsuite skipped="0" hostname="LAPTOP-O49DF7TP" name="com.staff.NewUserRegistration" tests="1" failures="0" timestamp="06 Feb 2018 14:57:32 GMT" time="7.202" errors="0">
  <testcase name="newUser" time="7.202" classname="com.staff.NewUserRegistration"/>
</testsuite> <!-- com.staff.NewUserRegistration -->
